<!DOCTYPE HTML>
<html lang="en" class="light sidebar-visible" dir="ltr">
    <head>
        <!-- Book generated using mdBook -->
        <meta charset="UTF-8">
        <title>Rule-based Optimization - TiDB Development Guide</title>


        <!-- Custom HTML head -->

        <meta name="description" content="">
        <meta name="viewport" content="width=device-width, initial-scale=1">
        <meta name="theme-color" content="#ffffff">

        <link rel="icon" href="../favicon.svg">
        <link rel="shortcut icon" href="../favicon.png">
        <link rel="stylesheet" href="../css/variables.css">
        <link rel="stylesheet" href="../css/general.css">
        <link rel="stylesheet" href="../css/chrome.css">
        <link rel="stylesheet" href="../css/print.css" media="print">

        <!-- Fonts -->
        <link rel="stylesheet" href="../FontAwesome/css/font-awesome.css">
        <link rel="stylesheet" href="../fonts/fonts.css">

        <!-- Highlight.js Stylesheets -->
        <link rel="stylesheet" id="highlight-css" href="../highlight.css">
        <link rel="stylesheet" id="tomorrow-night-css" href="../tomorrow-night.css">
        <link rel="stylesheet" id="ayu-highlight-css" href="../ayu-highlight.css">

        <!-- Custom theme stylesheets -->


        <!-- Provide site root and default themes to javascript -->
        <script>
            const path_to_root = "../";
            const default_light_theme = "light";
            const default_dark_theme = "navy";
        </script>
        <!-- Start loading toc.js asap -->
        <script src="../toc.js"></script>
    </head>
    <body>
    <div id="body-container">
        <!-- Work around some values being stored in localStorage wrapped in quotes -->
        <script>
            try {
                let theme = localStorage.getItem('mdbook-theme');
                let sidebar = localStorage.getItem('mdbook-sidebar');

                if (theme.startsWith('"') && theme.endsWith('"')) {
                    localStorage.setItem('mdbook-theme', theme.slice(1, theme.length - 1));
                }

                if (sidebar.startsWith('"') && sidebar.endsWith('"')) {
                    localStorage.setItem('mdbook-sidebar', sidebar.slice(1, sidebar.length - 1));
                }
            } catch (e) { }
        </script>

        <!-- Set the theme before any content is loaded, prevents flash -->
        <script>
            const default_theme = window.matchMedia("(prefers-color-scheme: dark)").matches ? default_dark_theme : default_light_theme;
            let theme;
            try { theme = localStorage.getItem('mdbook-theme'); } catch(e) { }
            if (theme === null || theme === undefined) { theme = default_theme; }
            const html = document.documentElement;
            html.classList.remove('light')
            html.classList.add(theme);
            html.classList.add("js");
        </script>

        <input type="checkbox" id="sidebar-toggle-anchor" class="hidden">

        <!-- Hide / unhide sidebar before it is displayed -->
        <script>
            let sidebar = null;
            const sidebar_toggle = document.getElementById("sidebar-toggle-anchor");
            if (document.body.clientWidth >= 1080) {
                try { sidebar = localStorage.getItem('mdbook-sidebar'); } catch(e) { }
                sidebar = sidebar || 'visible';
            } else {
                sidebar = 'hidden';
            }
            sidebar_toggle.checked = sidebar === 'visible';
            html.classList.remove('sidebar-visible');
            html.classList.add("sidebar-" + sidebar);
        </script>

        <nav id="sidebar" class="sidebar" aria-label="Table of contents">
            <!-- populated by js -->
            <mdbook-sidebar-scrollbox class="sidebar-scrollbox"></mdbook-sidebar-scrollbox>
            <noscript>
                <iframe class="sidebar-iframe-outer" src="../toc.html"></iframe>
            </noscript>
            <div id="sidebar-resize-handle" class="sidebar-resize-handle">
                <div class="sidebar-resize-indicator"></div>
            </div>
        </nav>

        <div id="page-wrapper" class="page-wrapper">

            <div class="page">
                <div id="menu-bar-hover-placeholder"></div>
                <div id="menu-bar" class="menu-bar sticky">
                    <div class="left-buttons">
                        <label id="sidebar-toggle" class="icon-button" for="sidebar-toggle-anchor" title="Toggle Table of Contents" aria-label="Toggle Table of Contents" aria-controls="sidebar">
                            <i class="fa fa-bars"></i>
                        </label>
                        <button id="theme-toggle" class="icon-button" type="button" title="Change theme" aria-label="Change theme" aria-haspopup="true" aria-expanded="false" aria-controls="theme-list">
                            <i class="fa fa-paint-brush"></i>
                        </button>
                        <ul id="theme-list" class="theme-popup" aria-label="Themes" role="menu">
                            <li role="none"><button role="menuitem" class="theme" id="default_theme">Auto</button></li>
                            <li role="none"><button role="menuitem" class="theme" id="light">Light</button></li>
                            <li role="none"><button role="menuitem" class="theme" id="rust">Rust</button></li>
                            <li role="none"><button role="menuitem" class="theme" id="coal">Coal</button></li>
                            <li role="none"><button role="menuitem" class="theme" id="navy">Navy</button></li>
                            <li role="none"><button role="menuitem" class="theme" id="ayu">Ayu</button></li>
                        </ul>
                        <button id="search-toggle" class="icon-button" type="button" title="Search. (Shortkey: s)" aria-label="Toggle Searchbar" aria-expanded="false" aria-keyshortcuts="S" aria-controls="searchbar">
                            <i class="fa fa-search"></i>
                        </button>
                    </div>

                    <h1 class="menu-title">TiDB Development Guide</h1>

                    <div class="right-buttons">
                        <a href="../print.html" title="Print this book" aria-label="Print this book">
                            <i id="print-button" class="fa fa-print"></i>
                        </a>
                        <a href="https://github.com/pingcap/tidb-dev-guide" title="Git repository" aria-label="Git repository">
                            <i id="git-repository-button" class="fa fa-github"></i>
                        </a>

                    </div>
                </div>

                <div id="search-wrapper" class="hidden">
                    <form id="searchbar-outer" class="searchbar-outer">
                        <input type="search" id="searchbar" name="searchbar" placeholder="Search this book ..." aria-controls="searchresults-outer" aria-describedby="searchresults-header">
                    </form>
                    <div id="searchresults-outer" class="searchresults-outer hidden">
                        <div id="searchresults-header" class="searchresults-header"></div>
                        <ul id="searchresults">
                        </ul>
                    </div>
                </div>

                <!-- Apply ARIA attributes after the sidebar and the sidebar toggle button are added to the DOM -->
                <script>
                    document.getElementById('sidebar-toggle').setAttribute('aria-expanded', sidebar === 'visible');
                    document.getElementById('sidebar').setAttribute('aria-hidden', sidebar !== 'visible');
                    Array.from(document.querySelectorAll('#sidebar a')).forEach(function(link) {
                        link.setAttribute('tabIndex', sidebar === 'visible' ? 0 : -1);
                    });
                </script>

                <div id="content" class="content">
                    <main>
                        <h1 id="rule-based-optimization"><a class="header" href="#rule-based-optimization">Rule-based Optimization</a></h1>
<p>As stated in the planner overview, rule-based optimization (usually used interchangeably with logical optimization in TiDB code) consists of logical optimization rules. These rules have predefined order to be iterated. Each rule has a responding flag, and a rule will be applied only if it is flagged and not disabled. The flag is set according to the SQL in the plan building stage.</p>
<p>The rule-based optimization will produce a logical plan tree that is logically equal to the original one. Besides the original plan tree, it will also make use of table schema information to make optimizations, but it doesn't rely on the statistics to do optimization (join reorder is the only exception, we'll talk about it later).</p>
<h2 id="implementation-patterns"><a class="header" href="#implementation-patterns">Implementation Patterns</a></h2>
<p>Code for each rule is placed in a separated file named "rule_xxx_xxx.go".</p>
<p>All logical rule implements the <a href="https://github.com/pingcap/tidb/blob/94e30df8e2d8ba2a1a26f153f40067ba3acd78eb/planner/core/optimizer.go#L85-L89"><code>logicalOptRule</code></a> interface.</p>
<p>It is defined as follows:</p>
<pre><code class="language-go">type logicalOptRule interface {
	optimize(context.Context, LogicalPlan) (LogicalPlan, error)
	name() string
}
</code></pre>
<p>The overall logic of a rule is traversing the plan tree, matching a specific operator (or a pattern), and modifying the plan tree.</p>
<p>The traversal logic is implemented mainly in two ways:</p>
<ul>
<li>Implement a method for the rule and recursively call itself in it. Logics for all kinds of operator are implemented in this method, e.g., <a href="https://github.com/pingcap/tidb/blob/94e30df8e2d8ba2a1a26f153f40067ba3acd78eb/planner/core/rule_decorrelate.go#L122"><code>(*decorrelateSolver).optimize()</code></a> for decorrelation and <a href="https://github.com/pingcap/tidb/blob/94e30df8e2d8ba2a1a26f153f40067ba3acd78eb/planner/core/rule_aggregation_elimination.go#L182"><code>(*aggregationEliminator).optimize()</code></a> for aggregation elimination.</li>
<li>Add a method into the <a href="https://github.com/pingcap/tidb/blob/94e30df8e2d8ba2a1a26f153f40067ba3acd78eb/planner/core/plan.go#L229"><code>LogicalPlan</code></a> interface and recursively call this method for the children of the operator. Each operator has its own implementation. Like <a href="https://github.com/pingcap/tidb/blob/94e30df8e2d8ba2a1a26f153f40067ba3acd78eb/planner/core/plan.go#L236-L239"><code>PredicatePushDown()</code></a> for predicate pushdown and <a href="https://github.com/pingcap/tidb/blob/94e30df8e2d8ba2a1a26f153f40067ba3acd78eb/planner/core/plan.go#L241-L242"><code>PruneColumns()</code></a> for column pruning.</li>
</ul>
<h2 id="rules"><a class="header" href="#rules">Rules</a></h2>
<h3 id="column-pruning"><a class="header" href="#column-pruning">Column Pruning</a></h3>
<p>This is a very fundamental optimization. It will prune unneeded columns for each operator.</p>
<p>This main logic is in <code>PruneColumns(parentUsedCols []*expression.Column) error</code> method of the <code>LogicalPlan</code> interface. It traverses the plan tree from top to bottom. Each operator receives which columns are used by the parent operator, then uses this information to prune unneeded columns from itself (different kinds of operator would have different behaviors), then collect and pass columns needed by itself to its children.</p>
<h3 id="decorrelation"><a class="header" href="#decorrelation">Decorrelation</a></h3>
<p>As stated in the planner overview, the correlated subquery in the SQL becomes the <code>Apply</code> operator, which is a special kind of <code>Join</code> operator, in the plan tree. If we can transform it to a normal <code>Join</code> and keep it logically equal to the <code>Apply</code>, we can do make more optimizations that are only available to normal join operators.</p>
<p>An <code>Apply</code> is equivalent to a <code>Join</code> if there are no correlated columns in its inner side. Here we try to pull up operators with correlated columns in the inner side across the <code>Apply</code>, then <code>Apply</code> can be changed to <code>Join</code> directly. So this kind of transformation is called decorrelation.</p>
<p>The main logic is in <a href="https://github.com/pingcap/tidb/blob/94e30df8e2d8ba2a1a26f153f40067ba3acd78eb/planner/core/rule_decorrelate.go#L122"><code>(*decorrelateSolver).optimize()</code></a>. It finds <code>Apply</code> and tries to decorrelate it.</p>
<p>Currently, there're several cases we can decorrelate.</p>
<p><a href="https://github.com/pingcap/tidb/blob/94e30df8e2d8ba2a1a26f153f40067ba3acd78eb/planner/core/rule_decorrelate.go#L132">If the inner side is a <code>Selection</code></a>, we can directly change it to a join condition of the <code>Apply</code>.</p>
<p>Example:</p>
<pre><code class="language-sql">CREATE TABLE t1(a INT, b INT);
CREATE TABLE t2(a INT, b INT);
EXPLAIN SELECT * FROM t1 WHERE t1.a IN (SELECT t2.a FROM t2 WHERE t2.b = t1.b);
</code></pre>
<pre><code>+------------------------------+----------+-----------+---------------+--------------------------------------------------------------------------+
| id                           | estRows  | task      | access object | operator info                                                            |
+------------------------------+----------+-----------+---------------+--------------------------------------------------------------------------+
| HashJoin_22                  | 7984.01  | root      |               | semi join, equal:[eq(test2.t1.b, test2.t2.b) eq(test2.t1.a, test2.t2.a)] |
| ├─TableReader_28(Build)      | 9990.00  | root      |               | data:Selection_27                                                        |
| │ └─Selection_27             | 9990.00  | cop[tikv] |               | not(isnull(test2.t2.a))                                                  |
| │   └─TableFullScan_26       | 10000.00 | cop[tikv] | table:t2      | keep order:false, stats:pseudo                                           |
| └─TableReader_25(Probe)      | 9980.01  | root      |               | data:Selection_24                                                        |
|   └─Selection_24             | 9980.01  | cop[tikv] |               | not(isnull(test2.t1.a)), not(isnull(test2.t1.b))                         |
|     └─TableFullScan_23       | 10000.00 | cop[tikv] | table:t1      | keep order:false, stats:pseudo                                           |
+------------------------------+----------+-----------+---------------+--------------------------------------------------------------------------+
</code></pre>
<p><a href="https://github.com/pingcap/tidb/blob/94e30df8e2d8ba2a1a26f153f40067ba3acd78eb/planner/core/rule_decorrelate.go#L143">If the inner side is a <code>MaxOneRow</code></a> and its child can assure there will be one row at most, which means the <code>MaxOneRow</code> is unneeded, we can remove the <code>MaxOneRow</code>.</p>
<p>Example:</p>
<pre><code class="language-sql">CREATE TABLE t1(a INT UNIQUE NOT NULL, b INT);
CREATE TABLE t2(a INT, b INT);
EXPLAIN SELECT t2.a, (SELECT t1.a FROM t1 WHERE t1.a = t2.a) FROM t2;
</code></pre>
<pre><code>+-----------------------------+----------+-----------+----------------------+-----------------------------------------------------+
| id                          | estRows  | task      | access object        | operator info                                       |
+-----------------------------+----------+-----------+----------------------+-----------------------------------------------------+
| HashJoin_19                 | 12500.00 | root      |                      | left outer join, equal:[eq(test2.t2.a, test2.t1.a)] |
| ├─IndexReader_26(Build)     | 10000.00 | root      |                      | index:IndexFullScan_25                              |
| │ └─IndexFullScan_25        | 10000.00 | cop[tikv] | table:t1, index:a(a) | keep order:false, stats:pseudo                      |
| └─TableReader_22(Probe)     | 10000.00 | root      |                      | data:TableFullScan_21                               |
|   └─TableFullScan_21        | 10000.00 | cop[tikv] | table:t2             | keep order:false, stats:pseudo                      |
+-----------------------------+----------+-----------+----------------------+-----------------------------------------------------+
</code></pre>
<p><a href="https://github.com/pingcap/tidb/blob/94e30df8e2d8ba2a1a26f153f40067ba3acd78eb/planner/core/rule_decorrelate.go#L149">If the inner side is a <code>Projection</code></a>, we can move the calculation in the <code>Projection</code> into the <code>Apply</code> and add a new <code>Projection</code> above <code>Apply</code> if needed.</p>
<p><a href="https://github.com/pingcap/tidb/blob/94e30df8e2d8ba2a1a26f153f40067ba3acd78eb/planner/core/rule_decorrelate.go#L168">If the inner side is an <code>Aggregation</code></a>, it will be more complicated to decorrelate it. To assure correctness, there are many requirements. For example, the output schema of the outer side must be unique, the join type must be <code>InnerJoin</code> or <code>LeftOuterJoin</code>, there cannot be any join conditions in the <code>Apply</code>, and so on. We can pull up the <code>Aggregation</code> only when all of them are met. During pulling up, we cannot directly move the <code>Aggregation</code> to above the <code>Apply</code>. To assure correctness, its <code>GroupByItems</code> should also be set to the unique key of the outer side, and the join type of the <code>Apply</code> should also be set to <code>LeftOuterJoin</code>.</p>
<p>Example:</p>
<pre><code class="language-sql">CREATE TABLE t1(a INT UNIQUE NOT NULL, b INT);
CREATE TABLE t2(a INT, b INT);
EXPLAIN SELECT a, (SELECT sum(t2.b) FROM t2 WHERE t2.a = t1.a) FROM t1;
</code></pre>
<pre><code>+----------------------------------+----------+-----------+----------------------+--------------------------------------------------------------------------------------------+
| id                               | estRows  | task      | access object        | operator info                                                                              |
+----------------------------------+----------+-----------+----------------------+--------------------------------------------------------------------------------------------+
| HashAgg_11                       | 8000.00  | root      |                      | group by:Column#13, funcs:firstrow(Column#11)-&gt;test2.t1.a, funcs:sum(Column#12)-&gt;Column#10 |
| └─Projection_22                  | 12487.50 | root      |                      | test2.t1.a, cast(test2.t2.b, decimal(32,0) BINARY)-&gt;Column#12, test2.t1.a                  |
|   └─HashJoin_13                  | 12487.50 | root      |                      | left outer join, equal:[eq(test2.t1.a, test2.t2.a)]                                        |
|     ├─TableReader_21(Build)      | 9990.00  | root      |                      | data:Selection_20                                                                          |
|     │ └─Selection_20             | 9990.00  | cop[tikv] |                      | not(isnull(test2.t2.a))                                                                    |
|     │   └─TableFullScan_19       | 10000.00 | cop[tikv] | table:t2             | keep order:false, stats:pseudo                                                             |
|     └─IndexReader_18(Probe)      | 10000.00 | root      |                      | index:IndexFullScan_17                                                                     |
|       └─IndexFullScan_17         | 10000.00 | cop[tikv] | table:t1, index:a(a) | keep order:false, stats:pseudo                                                             |
+----------------------------------+----------+-----------+----------------------+--------------------------------------------------------------------------------------------+
</code></pre>
<p>There is one more case we can decorrelate when we fail to decorrelate <code>Apply</code> with an <code>Aggregation</code> in the inner side directly. That's <a href="https://github.com/pingcap/tidb/blob/94e30df8e2d8ba2a1a26f153f40067ba3acd78eb/planner/core/rule_decorrelate.go#L228">when the inner side is an <code>Aggregation</code>, and the <code>Aggregation</code>'s child operator is a <code>Selection</code></a>. Here we try to pull up the equal conditions in the <code>Selection</code> to above <code>Aggregation</code>, then change it to a join condition of the <code>Apply</code>. To assure correctness, correlated columns of the pulled-up conditions should also be added into <code>LogicalAggregation.GroupByItems</code>. Note that we'll do this transformation only if the <code>Apply</code> is guaranteed can be changed to a <code>Join</code>. Otherwise, we'll keep the plan tree unchanged.</p>
<p>Example:</p>
<pre><code class="language-sql">CREATE TABLE t1(a INT, b INT);
CREATE TABLE t2(a INT, b INT);
EXPLAIN SELECT a, (SELECT sum(t2.b) FROM t2 WHERE t2.a = t1.a) FROM t1;
</code></pre>
<pre><code>+----------------------------------+----------+-----------+---------------+----------------------------------------------------------------------------------------------+
| id                               | estRows  | task      | access object | operator info                                                                                |
+----------------------------------+----------+-----------+---------------+----------------------------------------------------------------------------------------------+
| HashJoin_11                      | 10000.00 | root      |               | left outer join, equal:[eq(test2.t1.a, test2.t2.a)]                                          |
| ├─HashAgg_20(Build)              | 7992.00  | root      |               | group by:test2.t2.a, funcs:sum(Column#11)-&gt;Column#10, funcs:firstrow(test2.t2.a)-&gt;test2.t2.a |
| │ └─TableReader_21               | 7992.00  | root      |               | data:HashAgg_15                                                                              |
| │   └─HashAgg_15                 | 7992.00  | cop[tikv] |               | group by:test2.t2.a, funcs:sum(test2.t2.b)-&gt;Column#11                                        |
| │     └─Selection_19             | 9990.00  | cop[tikv] |               | not(isnull(test2.t2.a))                                                                      |
| │       └─TableFullScan_18       | 10000.00 | cop[tikv] | table:t2      | keep order:false, stats:pseudo                                                               |
| └─TableReader_14(Probe)          | 10000.00 | root      |               | data:TableFullScan_13                                                                        |
|   └─TableFullScan_13             | 10000.00 | cop[tikv] | table:t1      | keep order:false, stats:pseudo                                                               |
+----------------------------------+----------+-----------+---------------+----------------------------------------------------------------------------------------------+
</code></pre>
<p>This rule will keep trying to decorrelate an <code>Apply</code> until it can't be decorrelated anymore. <a href="https://github.com/pingcap/tidb/blob/94e30df8e2d8ba2a1a26f153f40067ba3acd78eb/planner/core/rule_decorrelate.go#L127">If there are no correlated columns in its inner side now</a>, it is converted to a <code>Join</code>.</p>
<h4 id="decorrelation-cant-guarantee-a-better-plan"><a class="header" href="#decorrelation-cant-guarantee-a-better-plan">Decorrelation can't guarantee a better plan</a></h4>
<p>It might be intuitive to think that a decorrelated <code>Join</code> is more efficient than the nested-loop style <code>Apply</code>. That's probably true in most cases. However, as we said above, decorrelation just enables us to make more optimizations that are only available for normal <code>Join</code>. This doesn't mean <code>Apply</code> is always a worse plan.</p>
<p>The decorrelation involves some "pull-up" operation. This usually makes the execution of the inner sub-tree of the <code>Apply</code>/<code>Join</code> becomes less efficient.
And in some cases, for example, when the outer side of the <code>Apply</code> only has one row of data, the nested-loop style <code>Apply</code> execution won't incur inefficiency compared with a normal <code>Join</code>. In such cases, the decorrelated plan is worse than the original one.</p>
<h3 id="aggregation-elimination"><a class="header" href="#aggregation-elimination">Aggregation Elimination</a></h3>
<p>This rule finds <code>Aggregation</code>s and tries to remove useless <code>Aggregation</code> operator or useless <code>DISTINCT</code> of aggregate functions.</p>
<p>A <code>DISTINCT</code> of an aggregate function is useless when the argument of the aggregate function is a unique column. In this case, we can set the <code>AggFuncDesc.HasDistinct</code> to <code>false</code> directly.</p>
<p>Example:</p>
<pre><code class="language-sql">CREATE TABLE t(a INT, b INT UNIQUE);
EXPLAIN SELECT count(distinct b) FROM t;
</code></pre>
<pre><code>+----------------------------+----------+-----------+---------------------+----------------------------------+
| id                         | estRows  | task      | access object       | operator info                    |
+----------------------------+----------+-----------+---------------------+----------------------------------+
| StreamAgg_20               | 1.00     | root      |                     | funcs:count(Column#6)-&gt;Column#4  |
| └─IndexReader_21           | 1.00     | root      |                     | index:StreamAgg_8                |
|   └─StreamAgg_8            | 1.00     | cop[tikv] |                     | funcs:count(test2.t.b)-&gt;Column#6 |
|     └─IndexFullScan_19     | 10000.00 | cop[tikv] | table:t, index:b(b) | keep order:false, stats:pseudo   |
+----------------------------+----------+-----------+---------------------+----------------------------------+
</code></pre>
<p>This part is implemented in <a href="https://github.com/pingcap/tidb/blob/94e30df8e2d8ba2a1a26f153f40067ba3acd78eb/planner/core/rule_aggregation_elimination.go#L73"><code>(*aggregationEliminateChecker).tryToEliminateDistinct()</code></a>.</p>
<p>An <code>Aggregation</code> is useless if its <code>GroupByItems</code> are unique column(s). In this case, we can remove this <code>Aggregation</code>. But we still need a <code>Projection</code> in the same place. Because for most aggregate function, its arguments and result have different types and we need a <code>Projection</code> to keep their types correct. And we also need to rewrite some expressions to correctly handle <code>NULL</code> values.</p>
<p>Example:</p>
<pre><code class="language-sql">CREATE TABLE t(a INT, b INT UNIQUE NOT NULL);
EXPLAIN SELECT count(a), sum(a), max(a) FROM t GROUP BY b;
</code></pre>
<pre><code>+-------------------------+----------+-----------+---------------+---------------------------------------------------------------------------------------------------+
| id                      | estRows  | task      | access object | operator info                                                                                     |
+-------------------------+----------+-----------+---------------+---------------------------------------------------------------------------------------------------+
| Projection_5            | 10000.00 | root      |               | if(isnull(test2.t.a), 0, 1)-&gt;Column#4, cast(test2.t.a, decimal(32,0) BINARY)-&gt;Column#5, test2.t.a |
| └─TableReader_7         | 10000.00 | root      |               | data:TableFullScan_6                                                                              |
|   └─TableFullScan_6     | 10000.00 | cop[tikv] | table:t       | keep order:false, stats:pseudo                                                                    |
+-------------------------+----------+-----------+---------------+---------------------------------------------------------------------------------------------------+

</code></pre>
<p>This part is implemented in <a href="https://github.com/pingcap/tidb/blob/94e30df8e2d8ba2a1a26f153f40067ba3acd78eb/planner/core/rule_aggregation_elimination.go#L40"><code>(*aggregationEliminateChecker).tryToEliminateAggregation()</code></a>.</p>
<h3 id="projection-elimination"><a class="header" href="#projection-elimination">Projection Elimination</a></h3>
<p>Projection elimination finds <code>Projection</code> and try to remove useless <code>Projection</code>s. The main logic is in <a href="https://github.com/pingcap/tidb/blob/94e30df8e2d8ba2a1a26f153f40067ba3acd78eb/planner/core/rule_eliminate_projection.go#L153"><code>(*projectionEliminator).eliminate(p LogicalPlan, replace map[string]*expression.Column, canEliminate bool)</code></a>.</p>
<p>Generally, there are two cases we can optimize. First, if there are two <code>Projection</code>s in a row, we can merge them into one <code>Projection</code>. Second, if all expressions of a <code>Projection</code> are <code>Column</code>, which means there are no extra calculations, we can remove this <code>Projection</code>.</p>
<p>Note that for the second case, not all <code>Projection</code> can be eliminated. For example, the <code>Projection</code> at the top of the plan tree or below <code>UnionAll</code> can't be removed. This is indicated by the <code>canEliminate</code> parameter.</p>
<h3 id="maxmin-elimination"><a class="header" href="#maxmin-elimination">Max/Min Elimination</a></h3>
<p>Max/Min elimination finds <code>Aggregation</code> with <code>max()</code> or <code>min()</code> aggregate function. It doesn't actually "eliminate" the <code>Aggregation</code>. It adds <code>Limit</code> and <code>Sort</code> to get the same effect of <code>max()</code> and <code>min()</code>, but the <code>Aggregagation</code> is remained to assure correctness.</p>
<p>Example:</p>
<pre><code class="language-sql">CREATE TABLE t(a int, b int UNIQUE NOT NULL);
EXPLAIN SELECT MAX(a) FROM t;
</code></pre>
<pre><code>+--------------------------------+----------+-----------+---------------+-----------------------------------+
| id                             | estRows  | task      | access object | operator info                     |
+--------------------------------+----------+-----------+---------------+-----------------------------------+
| StreamAgg_10                   | 1.00     | root      |               | funcs:max(test2.t.a)-&gt;Column#4    |
| └─TopN_11                      | 1.00     | root      |               | test2.t.a:desc, offset:0, count:1 |
|   └─TableReader_19             | 1.00     | root      |               | data:TopN_18                      |
|     └─TopN_18                  | 1.00     | cop[tikv] |               | test2.t.a:desc, offset:0, count:1 |
|       └─Selection_17           | 9990.00  | cop[tikv] |               | not(isnull(test2.t.a))            |
|         └─TableFullScan_16     | 10000.00 | cop[tikv] | table:t       | keep order:false, stats:pseudo    |
+--------------------------------+----------+-----------+---------------+-----------------------------------+
</code></pre>
<pre><code class="language-sql">EXPLAIN SELECT MIN(a) FROM t;
</code></pre>
<pre><code>+--------------------------------+----------+-----------+---------------+--------------------------------+
| id                             | estRows  | task      | access object | operator info                  |
+--------------------------------+----------+-----------+---------------+--------------------------------+
| StreamAgg_10                   | 1.00     | root      |               | funcs:min(test2.t.a)-&gt;Column#4 |
| └─TopN_11                      | 1.00     | root      |               | test2.t.a, offset:0, count:1   |
|   └─TableReader_19             | 1.00     | root      |               | data:TopN_18                   |
|     └─TopN_18                  | 1.00     | cop[tikv] |               | test2.t.a, offset:0, count:1   |
|       └─Selection_17           | 9990.00  | cop[tikv] |               | not(isnull(test2.t.a))         |
|         └─TableFullScan_16     | 10000.00 | cop[tikv] | table:t       | keep order:false, stats:pseudo |
+--------------------------------+----------+-----------+---------------+--------------------------------+
</code></pre>
<p>This change enables TiDB to make use of indexes, which are ordered by certain column(s). In the optimal case, we only need to scan one row in TiKV.</p>
<p>This optimization will become a little more complicated when there are more than one <code>max()</code> or <code>min()</code> function. In this case, we will compose a plan tree for every <code>max()</code> or <code>min()</code> function, then put them together with a <code>Join</code>. Note that we'll only do this when we can make sure every <code>max()</code> or <code>min()</code> function can benefit from index. This is checked in <a href="https://github.com/pingcap/tidb/blob/94e30df8e2d8ba2a1a26f153f40067ba3acd78eb/planner/core/rule_max_min_eliminate.go#L135"><code>(*maxMinEliminator).splitAggFuncAndCheckIndices()</code></a>.</p>
<p>Example:</p>
<pre><code class="language-sql">CREATE TABLE t(a int, b int, INDEX ia(a), INDEX ib(b));
EXPLAIN SELECT MAX(a), MIN(b) FROM t;
</code></pre>
<pre><code>+----------------------------------+---------+-----------+----------------------+-------------------------------------+
| id                               | estRows | task      | access object        | operator info                       |
+----------------------------------+---------+-----------+----------------------+-------------------------------------+
| HashJoin_18                      | 1.00    | root      |                      | CARTESIAN inner join                |
| ├─StreamAgg_34(Build)            | 1.00    | root      |                      | funcs:min(test2.t.b)-&gt;Column#5      |
| │ └─Limit_38                     | 1.00    | root      |                      | offset:0, count:1                   |
| │   └─IndexReader_45             | 1.00    | root      |                      | index:Limit_44                      |
| │     └─Limit_44                 | 1.00    | cop[tikv] |                      | offset:0, count:1                   |
| │       └─IndexFullScan_43       | 1.00    | cop[tikv] | table:t, index:ib(b) | keep order:true, stats:pseudo       |
| └─StreamAgg_21(Probe)            | 1.00    | root      |                      | funcs:max(test2.t.a)-&gt;Column#4      |
|   └─Limit_25                     | 1.00    | root      |                      | offset:0, count:1                   |
|     └─IndexReader_32             | 1.00    | root      |                      | index:Limit_31                      |
|       └─Limit_31                 | 1.00    | cop[tikv] |                      | offset:0, count:1                   |
|         └─IndexFullScan_30       | 1.00    | cop[tikv] | table:t, index:ia(a) | keep order:true, desc, stats:pseudo |
+----------------------------------+---------+-----------+----------------------+-------------------------------------+
</code></pre>
<h3 id="predicate-pushdown"><a class="header" href="#predicate-pushdown">Predicate Pushdown</a></h3>
<p>This is a very fundamental and important optimization. It traverses the plan tree from top to bottom, collects predicates (filter conditions), and tries to push them down as deep as possible.</p>
<p>The main logic is in the <code>PredicatePushDown([]expression.Expression) ([]expression.Expression, LogicalPlan)</code> method of <code>LogicalPlan</code> interface. The parament is the pushed-down predicates. The return values are predicates that can't be pushed down anymore and the child operator after pushing down predicates.</p>
<p>The predicates mainly come from <code>Selection</code>. The predicates can be pushed across some operators, like <code>Projection</code> and <code>UnionAll</code>. For some operators, we can only push down predicates when some requirements are met. For example, we can only push predicates across <code>Window</code> if all <code>Column</code>s in the predicates are <code>Window</code>'s <code>PartitionBy</code> columns. For some operators, we can't push predicates across them, like <code>Limit</code>.</p>
<p>In the optimal case, the predicates reach <code>DataSource</code> and can be pushed down to the storage layer in the physical optimization stage.</p>
<p><code>Join</code> is a special case in this rule. We not only push down predicates for <code>Join</code>, but we also make some other optimizations here. They are implemented in <a href="https://github.com/pingcap/tidb/blob/94e30df8e2d8ba2a1a26f153f40067ba3acd78eb/planner/core/rule_predicate_push_down.go#L132"><code>(*LogicalJoin).PredicatePushDown</code></a>. Two of them are important and explained as follows.</p>
<p>First, we will try to "simplify" outer joins, which means convert outer joins to inner joins. As we know, outer join is different from inner join because we will pad <code>NULL</code>s for unmatched rows from the outer side. If the predicates are guaranteed to filter such rows, this join makes no difference from an inner join. In this case, we can directly change it to an inner join.</p>
<p>Example:</p>
<pre><code class="language-sql">CREATE TABLE t(a int, b int);
CREATE TABLE t1(a int, b int);
EXPLAIN SELECT * FROM t LEFT JOIN t1 ON t.a = t1.a WHERE t1.a IS NOT NULL;
</code></pre>
<pre><code>+------------------------------+----------+-----------+---------------+-----------------------------------------------+
| id                           | estRows  | task      | access object | operator info                                 |
+------------------------------+----------+-----------+---------------+-----------------------------------------------+
| HashJoin_8                   | 12487.50 | root      |               | inner join, equal:[eq(test2.t.a, test2.t1.a)] |
| ├─TableReader_15(Build)      | 9990.00  | root      |               | data:Selection_14                             |
| │ └─Selection_14             | 9990.00  | cop[tikv] |               | not(isnull(test2.t1.a))                       |
| │   └─TableFullScan_13       | 10000.00 | cop[tikv] | table:t1      | keep order:false, stats:pseudo                |
| └─TableReader_12(Probe)      | 9990.00  | root      |               | data:Selection_11                             |
|   └─Selection_11             | 9990.00  | cop[tikv] |               | not(isnull(test2.t.a))                        |
|     └─TableFullScan_10       | 10000.00 | cop[tikv] | table:t       | keep order:false, stats:pseudo                |
+------------------------------+----------+-----------+---------------+-----------------------------------------------+
</code></pre>
<p>Second, we will also try to derive some extra conditions that are the common conditions from the existing <code>OR</code> predicates or try to add <code>NOT NULL</code> when possible. This enables us to push more predicates down.</p>
<p>Example:</p>
<pre><code class="language-sql">EXPLAIN SELECT * FROM t1 JOIN t ON t1.b = t.b WHERE (t1.a=1 AND t.a=1) OR (t1.a=2 AND t.a=2);
</code></pre>
<pre><code>+---------------------------------+----------+-----------+----------------------+--------------------------------------------------------------------------------------------------------------------------------------------------------------------------------------------------------------------------+
| id                              | estRows  | task      | access object        | operator info                                                                                                                                                                                                            |
+---------------------------------+----------+-----------+----------------------+--------------------------------------------------------------------------------------------------------------------------------------------------------------------------------------------------------------------------+
| IndexJoin_13                    | 24.98    | root      |                      | inner join, inner:IndexLookUp_12, outer key:test2.t1.b, inner key:test2.t2.b, equal cond:eq(test2.t1.b, test2.t2.b), other cond:or(and(eq(test2.t1.a, 1), eq(test2.t2.a, 1)), and(eq(test2.t1.a, 2), eq(test2.t2.a, 2))) |
| ├─TableReader_27(Build)         | 19.98    | root      |                      | data:Selection_26                                                                                                                                                                                                        |
| │ └─Selection_26                | 19.98    | cop[tikv] |                      | not(isnull(test2.t1.b)), or(eq(test2.t1.a, 1), eq(test2.t1.a, 2))                                                                                                                                                        |
| │   └─TableFullScan_25          | 10000.00 | cop[tikv] | table:t1             | keep order:false, stats:pseudo                                                                                                                                                                                           |
| └─IndexLookUp_12(Probe)         | 1.00     | root      |                      |                                                                                                                                                                                                                          |
|   ├─IndexRangeScan_9(Build)     | 1.00     | cop[tikv] | table:t2, index:b(b) | range: decided by [eq(test2.t2.b, test2.t1.b)], keep order:false, stats:pseudo                                                                                                                                           |
|   └─Selection_11(Probe)         | 1.00     | cop[tikv] |                      | or(eq(test2.t2.a, 1), eq(test2.t2.a, 2))                                                                                                                                                                                 |
|     └─TableRowIDScan_10         | 1.00     | cop[tikv] | table:t2             | keep order:false, stats:pseudo                                                                                                                                                                                           |
+---------------------------------+----------+-----------+----------------------+--------------------------------------------------------------------------------------------------------------------------------------------------------------------------------------------------------------------------+
</code></pre>
<h3 id="outer-join-elimination"><a class="header" href="#outer-join-elimination">Outer Join Elimination</a></h3>
<p>This rule finds and tries to eliminate outer <code>Join</code>. Specifically, it removes the <code>Join</code> and its inner side sub-plan tree.</p>
<p>We can do this only when the operators above <code>Join</code> only need columns from their outer side. But this is not enough. We also need at least one of the following requirements to be met:</p>
<ol>
<li>The join keys from the inner side are unique. This means the <code>LogicalJoin</code> has no effects on the rows from the outer side;</li>
<li>Duplicated rows from the output of <code>Join</code> have no effect on the calculation results. Specifically, this is when there's a <code>Aggregation</code> above the <code>Join</code> and the aggregation functions in it have <code>DISTINCT</code> or are <code>max()</code>, <code>min()</code>, <code>firstrow()</code> or <code>approx_count_distinct()</code>.</li>
</ol>
<p>Example:</p>
<pre><code class="language-sql">CREATE TABLE t1(a INT, b INT);
CREATE TABLE t2(a INT, b INT UNIQUE NOT NULL);
EXPLAIN SELECT t1.a, t1.b FROM t1 LEFT JOIN t2 on t1.b = t2.b;
</code></pre>
<pre><code>+-----------------------+----------+-----------+---------------+--------------------------------+
| id                    | estRows  | task      | access object | operator info                  |
+-----------------------+----------+-----------+---------------+--------------------------------+
| TableReader_7         | 10000.00 | root      |               | data:TableFullScan_6           |
| └─TableFullScan_6     | 10000.00 | cop[tikv] | table:t1      | keep order:false, stats:pseudo |
+-----------------------+----------+-----------+---------------+--------------------------------+
</code></pre>
<pre><code class="language-sql">EXPLAIN SELECT count(distinct t1.a), max(t1.b) FROM t1 LEFT JOIN t2 on t1.b = t2.b;
</code></pre>
<pre><code>+--------------------------+----------+-----------+---------------+-----------------------------------------------------------------------------+
| id                       | estRows  | task      | access object | operator info                                                               |
+--------------------------+----------+-----------+---------------+-----------------------------------------------------------------------------+
| StreamAgg_8              | 1.00     | root      |               | funcs:count(distinct test2.t1.a)-&gt;Column#7, funcs:max(test2.t1.b)-&gt;Column#8 |
| └─TableReader_12         | 10000.00 | root      |               | data:TableFullScan_11                                                       |
|   └─TableFullScan_11     | 10000.00 | cop[tikv] | table:t1      | keep order:false, stats:pseudo                                              |
+--------------------------+----------+-----------+---------------+-----------------------------------------------------------------------------+
</code></pre>
<h3 id="partition-pruning"><a class="header" href="#partition-pruning">Partition Pruning</a></h3>
<p>This rule finds <code>DataSource</code> containing a partitioned table. For each partition, there will be a separated <code>DataSource</code>, and they will be composed together by a special <code>PartitionUnionAll</code> operator. This rule is responsible for this work, and during this process, it will try to prune unneeded partitions according to the pushed-down filter conditions.</p>
<p>The rationale of this rule is rather simple, but there are different kinds of partition types and the pushed-down conditions can be very complicated. So the implementation details of this rule are also complicated. Some descriptions of these details can be found in the <a href="https://docs.pingcap.com/tidb/dev/partitioned-table#partition-pruning">official docs</a>.</p>
<p>Note that there is a feature called <a href="https://docs.pingcap.com/tidb/dev/partitioned-table#dynamic-pruning-mode">dynamic pruning</a>. As of this section is written, it is an experimental feature and is not enabled by default. In this mode, we no longer build a <code>DataSource</code> for every partition. Accessing partitions is done in one operator, and the partition pruning work is done at the execution stage. So this rule is not needed in this mode.</p>
<h3 id="aggregation-pushdown"><a class="header" href="#aggregation-pushdown">Aggregation Pushdown</a></h3>
<p>This rule finds <code>LogicalAggregation</code> and tries to push it down. Currently, we can push it across <code>Join</code>, <code>Projection</code>, <code>UnionAll</code>, and <code>PartitionUnionAll</code>. Note that pushdown here doesn't mean "move this operator below other operators". There should be one <code>Aggregation</code> remained in the original position and another <code>Aggregation</code> pushed down to assure correctness.</p>
<p><a href="https://github.com/pingcap/tidb/blob/94e30df8e2d8ba2a1a26f153f40067ba3acd78eb/planner/core/rule_aggregation_push_down.go#L405">Pushing <code>Aggregation</code> across <code>Join</code></a> is the most complicated case of them. The aggregate functions are separated into left and right sides and we try to push them to the left and right side of <code>Join</code> respectively. There are many requirements to make this transformation. For example, the join type should be among <code>InnerJoin</code>, <code>LeftOuterJoin</code> and <code>RightOuterJoin</code>. Only specific types of aggregate functions can be pushed down. And when we try to push aggregate functions down to one side of the <code>Join</code>, there can't be <code>count()</code> and <code>sum()</code> functions in the other side. If all requirements are met, we can generate and push down <code>Aggregation</code>. The new <code>Aggregation</code> is also transformed and different from the original <code>Aggregation</code>. For example, the columns in the join conditions should be added into <code>GroupByItems</code>.</p>
<p>Example:</p>
<pre><code class="language-sql">CREATE TABLE t1(a int, b int);
CREATE TABLE t2(a int, b int);
set @@tidb_opt_agg_push_down=1;
explain select max(t1.b), min(t2.b) from t1 left join t2 on t1.a = t2.a;
</code></pre>
<pre><code>+------------------------------------+----------+-----------+---------------+----------------------------------------------------------------------------------------------+
| id                                 | estRows  | task      | access object | operator info                                                                                |
+------------------------------------+----------+-----------+---------------+----------------------------------------------------------------------------------------------+
| HashAgg_9                          | 1.00     | root      |               | funcs:max(Column#10)-&gt;Column#7, funcs:min(Column#9)-&gt;Column#8                                |
| └─HashJoin_10                      | 8000.00  | root      |               | left outer join, equal:[eq(test2.t1.a, test2.t2.a)]                                          |
|   ├─HashAgg_25(Build)              | 7992.00  | root      |               | group by:test2.t2.a, funcs:min(Column#13)-&gt;Column#9, funcs:firstrow(test2.t2.a)-&gt;test2.t2.a  |
|   │ └─TableReader_26               | 7992.00  | root      |               | data:HashAgg_20                                                                              |
|   │   └─HashAgg_20                 | 7992.00  | cop[tikv] |               | group by:test2.t2.a, funcs:min(test2.t2.b)-&gt;Column#13                                        |
|   │     └─Selection_24             | 9990.00  | cop[tikv] |               | not(isnull(test2.t2.a))                                                                      |
|   │       └─TableFullScan_23       | 10000.00 | cop[tikv] | table:t2      | keep order:false, stats:pseudo                                                               |
|   └─HashAgg_16(Probe)              | 8000.00  | root      |               | group by:test2.t1.a, funcs:max(Column#11)-&gt;Column#10, funcs:firstrow(test2.t1.a)-&gt;test2.t1.a |
|     └─TableReader_17               | 8000.00  | root      |               | data:HashAgg_12                                                                              |
|       └─HashAgg_12                 | 8000.00  | cop[tikv] |               | group by:test2.t1.a, funcs:max(test2.t1.b)-&gt;Column#11                                        |
|         └─TableFullScan_15         | 10000.00 | cop[tikv] | table:t1      | keep order:false, stats:pseudo                                                               |
+------------------------------------+----------+-----------+---------------+----------------------------------------------------------------------------------------------+
</code></pre>
<p><a href="https://github.com/pingcap/tidb/blob/94e30df8e2d8ba2a1a26f153f40067ba3acd78eb/planner/core/rule_aggregation_push_down.go#L436">Pushing <code>Aggregation</code> across <code>Projection</code></a> is rather simple. It directly moves the calculation in the <code>Projection</code> into <code>Aggregation</code>. Then the <code>Projection</code> can be removed. And there will be only one <code>Aggregation</code>.</p>
<p><a href="https://github.com/pingcap/tidb/blob/94e30df8e2d8ba2a1a26f153f40067ba3acd78eb/planner/core/rule_aggregation_push_down.go#L475-L485">Pushing <code>Aggregation</code> across <code>UnionAll</code> and <code>PartitionUnionAll</code></a> share the same logic. It's similar to the <code>LogicalJoin</code> case. There will be some checks. If all requirements are met. We can generate and push down a new <code>LogicalAggregation</code> across <code>UnionAll</code> or <code>PartitionUnionAll</code>. Note that the original <code>Aggregation</code> may also be modified here.</p>
<p>Example:</p>
<pre><code class="language-sql">CREATE TABLE t1(a int, b int);
CREATE TABLE t2(a int, b int);
-- Note that we need to turn on this variable to enable this optimization. We will explain the reason later.
set @@tidb_opt_agg_push_down=1;
explain select count(a) from (select * from t1 union all select * from t2);
</code></pre>
<pre><code>+----------------------------------+----------+-----------+----------------------+------------------------------------+
| id                               | estRows  | task      | access object        | operator info                      |
+----------------------------------+----------+-----------+----------------------+------------------------------------+
| HashAgg_14                       | 1.00     | root      |                      | funcs:count(Column#10)-&gt;Column#9   |
| └─Union_15                       | 2.00     | root      |                      |                                    |
|   ├─StreamAgg_31                 | 1.00     | root      |                      | funcs:count(Column#12)-&gt;Column#10  |
|   │ └─IndexReader_32             | 1.00     | root      |                      | index:StreamAgg_19                 |
|   │   └─StreamAgg_19             | 1.00     | cop[tikv] |                      | funcs:count(test2.t1.a)-&gt;Column#12 |
|   │     └─IndexFullScan_30       | 10000.00 | cop[tikv] | table:t1, index:a(a) | keep order:false, stats:pseudo     |
|   └─StreamAgg_48                 | 1.00     | root      |                      | funcs:count(Column#14)-&gt;Column#10  |
|     └─TableReader_49             | 1.00     | root      |                      | data:StreamAgg_40                  |
|       └─StreamAgg_40             | 1.00     | cop[tikv] |                      | funcs:count(test2.t2.a)-&gt;Column#14 |
|         └─TableFullScan_47       | 10000.00 | cop[tikv] | table:t2             | keep order:false, stats:pseudo     |
+----------------------------------+----------+-----------+----------------------+------------------------------------+
</code></pre>
<h4 id="aggregation-pushdown-cant-guarantee-a-better-plan"><a class="header" href="#aggregation-pushdown-cant-guarantee-a-better-plan">Aggregation Pushdown can't guarantee a better plan</a></h4>
<p>As we know, <code>Aggregation</code> usually involves heavy calculations. After aggregation pushdown, the original <code>Aggregation</code> operator will become two different <code>Aggregation</code> operators (except for the <code>Projection</code> case), so it's possible that the plan with <code>Aggregation</code> pushed down is worse than the original plan.</p>
<p>In TiDB's current implementation, this kind of scenario mainly happens when we push an <code>Aggregation</code> across <code>Join</code>. Because there will be additional group by keys added into the pushed-down <code>Aggregation</code>. And the NDV (number of distinct values) of the new group by keys may be very high. That will make this <code>Aggregation</code> waste lots of calculation resources. So currently we use a system variable <code>tidb_opt_agg_push_down</code> to control this optimization, which is disabled by default.</p>
<h3 id="topn-pushdown"><a class="header" href="#topn-pushdown">TopN Pushdown</a></h3>
<p><code>TopN</code> is an operator not directly corresponding to any syntax in the SQL. Its semantic is equal to a <code>Limit</code> above a <code>Sort</code>. We can execute it more efficiently when they are together, so we create a new operator for this case.</p>
<pre><code class="language-go">type LogicalTopN struct {
	baseLogicalPlan

	ByItems    []*util.ByItems
	Offset     uint64
	Count      uint64
	limitHints limitHintInfo
}

type LogicalLimit struct {
	logicalSchemaProducer

	Offset     uint64
	Count      uint64
	limitHints limitHintInfo
}

type LogicalSort struct {
	baseLogicalPlan

	ByItems []*util.ByItems
}
</code></pre>
<p>This rule is mainly implemented by the <code>pushDownTopN(topN *LogicalTopN) LogicalPlan</code> method of the <code>LogicalPlan</code> interface. Like the predicate push down, it traverses the plan tree from top to bottom and collects <code>TopN</code> information from operators.</p>
<p><a href="https://github.com/pingcap/tidb/blob/94e30df8e2d8ba2a1a26f153f40067ba3acd78eb/planner/core/rule_topn_push_down.go#L87">When it meets a <code>Limit</code></a>, the <code>Limit</code> itself is converted into a <code>TopN</code> and pushed down. This is where the <code>TopN</code> operator appears for the first time in a plan tree.</p>
<p>For most kinds of operators, the pushed-down <code>TopN</code> just can't be pushed down anymore, and it becomes a <code>TopN</code> operator above this operator.</p>
<p>There are several cases we can optimize:</p>
<p><a href="https://github.com/pingcap/tidb/blob/94e30df8e2d8ba2a1a26f153f40067ba3acd78eb/planner/core/rule_topn_push_down.go#L72">When it meets a <code>Sort</code></a>, it is merged into <code>ByItems</code> of the pushed-down <code>TopN</code>. If the <code>TopN</code> already has <code>ByItems</code>, this <code>Sort</code> becomes useless and can be removed directly.</p>
<p><a href="https://github.com/pingcap/tidb/blob/94e30df8e2d8ba2a1a26f153f40067ba3acd78eb/planner/core/rule_topn_push_down.go#L112">When it meets a <code>Projection</code></a>, the <code>TopN</code> can be directly pushed down across it.</p>
<p>When it meets a <a href="https://github.com/pingcap/tidb/blob/94e30df8e2d8ba2a1a26f153f40067ba3acd78eb/planner/core/rule_topn_push_down.go#L95"><code>UnionAll</code></a> or <a href="https://github.com/pingcap/tidb/blob/94e30df8e2d8ba2a1a26f153f40067ba3acd78eb/planner/core/rule_topn_push_down.go#L168"><code>Join</code></a>. The <code>TopN</code> can be pushed down. Like in the aggregation push down, we put one <code>TopN</code> above and push down another one across the operator. The pushed-down one should be modified. Its <code>Offset</code> should be added into <code>Count</code> and set to 0. Also note that for <code>Join</code>, we can only push down for outer joins and only push down across the outer side.</p>
<p>Example:</p>
<pre><code class="language-sql">CREATE TABLE t1(a INT, b INT);
CREATE TABLE t2(a INT, b INT);
EXPLAIN SELECT * FROM t1 LEFT JOIN t2 ON t1.a = t2.a ORDER BY t1.b LIMIT 20, 10;
</code></pre>
<pre><code>+----------------------------------+----------+-----------+---------------+-----------------------------------------------------+
| id                               | estRows  | task      | access object | operator info                                       |
+----------------------------------+----------+-----------+---------------+-----------------------------------------------------+
| TopN_12                          | 10.00    | root      |               | test2.t1.b, offset:20, count:10                     |
| └─HashJoin_18                    | 37.50    | root      |               | left outer join, equal:[eq(test2.t1.a, test2.t2.a)] |
|   ├─TopN_19(Build)               | 30.00    | root      |               | test2.t1.b, offset:0, count:30                      |
|   │ └─TableReader_26             | 30.00    | root      |               | data:TopN_25                                        |
|   │   └─TopN_25                  | 30.00    | cop[tikv] |               | test2.t1.b, offset:0, count:30                      |
|   │     └─TableFullScan_24       | 10000.00 | cop[tikv] | table:t1      | keep order:false, stats:pseudo                      |
|   └─TableReader_29(Probe)        | 9990.00  | root      |               | data:Selection_28                                   |
|     └─Selection_28               | 9990.00  | cop[tikv] |               | not(isnull(test2.t2.a))                             |
|       └─TableFullScan_27         | 10000.00 | cop[tikv] | table:t2      | keep order:false, stats:pseudo                      |
+----------------------------------+----------+-----------+---------------+-----------------------------------------------------+
</code></pre>
<pre><code class="language-sql">EXPLAIN SELECT * FROM (select * from t1 union all select * from t2) ORDER BY b LIMIT 20, 10;
</code></pre>
<pre><code>+----------------------------------+----------+-----------+---------------+--------------------------------+
| id                               | estRows  | task      | access object | operator info                  |
+----------------------------------+----------+-----------+---------------+--------------------------------+
| TopN_17                          | 10.00    | root      |               | Column#8, offset:20, count:10  |
| └─Union_22                       | 60.00    | root      |               |                                |
|   ├─TopN_24                      | 30.00    | root      |               | test2.t1.b, offset:0, count:30 |
|   │ └─TableReader_31             | 30.00    | root      |               | data:TopN_30                   |
|   │   └─TopN_30                  | 30.00    | cop[tikv] |               | test2.t1.b, offset:0, count:30 |
|   │     └─TableFullScan_29       | 10000.00 | cop[tikv] | table:t1      | keep order:false, stats:pseudo |
|   └─TopN_33                      | 30.00    | root      |               | test2.t2.b, offset:0, count:30 |
|     └─TableReader_40             | 30.00    | root      |               | data:TopN_39                   |
|       └─TopN_39                  | 30.00    | cop[tikv] |               | test2.t2.b, offset:0, count:30 |
|         └─TableFullScan_38       | 10000.00 | cop[tikv] | table:t2      | keep order:false, stats:pseudo |
+----------------------------------+----------+-----------+---------------+--------------------------------+
</code></pre>
<h3 id="join-reorder"><a class="header" href="#join-reorder">Join Reorder</a></h3>
<p>Join reorder tries to find the most efficient order to join several tables together. In fact, it's not a rule-based optimization. It makes use of statistics to estimate row counts of join results. We put join reorder in this stage out of convenience.</p>
<p>Currently, we have implemented two join reorder algorithms: greedy and dynamic programming. The dynamic programming one is not mature enough now and is disabled by default. We focus on the greedy algorithm here.</p>
<p>There are three files relevant to join reorder. <code>rule_join_reorder.go</code> contains the entry and common logic of join reorder. <code>rule_join_reorder_dp.go</code> contains the dynamic programming algorithm. <code>rule_join_reorder_greedy.go</code> contains the greedy algorithm.</p>
<p>At the beginning of join reorder, we extract "join groups" from the plan tree. A join group is some sub-trees connected together by inner <code>Join</code>s directly, which means there can't exist any other kind of operator between inner <code>Join</code>s. The join reorder algorithm optimizes one join group at a time. And join groups are optimized from bottom to top.</p>
<p>For every node in a join group, the row count is estimated. The join result row count is estimated using the simple and classic <a href="https://github.com/pingcap/tidb/blob/94e30df8e2d8ba2a1a26f153f40067ba3acd78eb/planner/core/stats.go#L1084"><code>leftRowCount * rightRowCount / max(leftNDV, rightNDV)</code></a> formula. Then two of them, which can get the minimum cost (calculated in <a href="https://github.com/pingcap/tidb/blob/94e30df8e2d8ba2a1a26f153f40067ba3acd78eb/planner/core/rule_join_reorder.go#L135"><code>(*baseSingleGroupJoinOrderSolver).baseNodeCumCost()</code></a>), are chosen, connected by an inner join, then added into the join group. This process is repeated until all nodes in the join group are joined together.</p>
<h3 id="build-key-information"><a class="header" href="#build-key-information">Build Key Information</a></h3>
<p>This one is actually not an optimization rule. It collects information from bottom to top that is needed by other optimizations. Two kinds of information are collected and set up for each operator.</p>
<p>The first information is the unique key. This is collected in <code>DataSource</code> from table schema information and stored as <code>KeyInfo</code> in the <code>Schema</code> for each operator. There is one thing tricky about the unique key: when you declare <code>UNIQUE</code> for one column when creating a table, there can be duplicated <code>NULL</code>s in this column actually. You should declare <code>UNIQUE NOT NULL</code> to get "true" uniqueness.</p>
<p>The second is the <code>MaxOneRow</code> attribute, which means if this operator is guaranteed to output no more than one row.</p>
<h2 id="ending"><a class="header" href="#ending">Ending</a></h2>
<p>Currently, our rule-based optimization is a batch of rules executed in a fixed order. This is not enough to make some optimizations when the query is complicated. So we usually do more things than what the name of a rule implies. As stated above, we specially optimize <code>Join</code>s in predicate pushdown. Except for that, we also try to eliminate aggregations in aggregation pushdown and build key information for the newly generated <code>Aggregation</code>s. There are more examples like that.</p>
<p>Some optimization rules are also not guaranteed to produce a better plan like decorrelation and aggregation push down. In theory, the physical distribution of data should be considered when making such optimizations. However, we don't have such a fine-grained strategy for these rules. Now we mainly rely on heuristics and variables that control the behaviors.</p>
<p>As this section is written, TiDB doesn't record transformation steps in rule-based optimization and doesn't support printing logical plans. But usually, the transformation steps are reliably reproducible given query and table schema. So the most effective method to learn about it in depth or investigate a bug is to place breakpoints in <code>logicalOptimize()</code> and see the runtime information using debug tools.</p>

                    </main>

                    <nav class="nav-wrapper" aria-label="Page navigation">
                        <!-- Mobile navigation buttons -->
                            <a rel="prev" href="../understand-tidb/table-statistics.html" class="mobile-nav-chapters previous" title="Previous chapter" aria-label="Previous chapter" aria-keyshortcuts="Left">
                                <i class="fa fa-angle-left"></i>
                            </a>

                            <a rel="next prefetch" href="../understand-tidb/cbo.html" class="mobile-nav-chapters next" title="Next chapter" aria-label="Next chapter" aria-keyshortcuts="Right">
                                <i class="fa fa-angle-right"></i>
                            </a>

                        <div style="clear: both"></div>
                    </nav>
                </div>
            </div>

            <nav class="nav-wide-wrapper" aria-label="Page navigation">
                    <a rel="prev" href="../understand-tidb/table-statistics.html" class="nav-chapters previous" title="Previous chapter" aria-label="Previous chapter" aria-keyshortcuts="Left">
                        <i class="fa fa-angle-left"></i>
                    </a>

                    <a rel="next prefetch" href="../understand-tidb/cbo.html" class="nav-chapters next" title="Next chapter" aria-label="Next chapter" aria-keyshortcuts="Right">
                        <i class="fa fa-angle-right"></i>
                    </a>
            </nav>

        </div>




        <script>
            window.playground_copyable = true;
        </script>


        <script src="../elasticlunr.min.js"></script>
        <script src="../mark.min.js"></script>
        <script src="../searcher.js"></script>

        <script src="../clipboard.min.js"></script>
        <script src="../highlight.js"></script>
        <script src="../book.js"></script>

        <!-- Custom JS scripts -->


    </div>
    </body>
</html>
